[2026-04-24 03:39:55] local.ERROR: Class "App\Http\Controllers\Api\Admin\AdminWithdrawalController" does not exist {"exception":"[object] (ReflectionException(code: -1): Class \"App\\Http\\Controllers\\Api\\Admin\\AdminWithdrawalController\" does not exist at D:/PA2-09_Aplikasi_Bank_Sampah_Tarhilala/transaksi_tarhilala/vendor/laravel/framework/src/Illuminate/Foundation/Console/RouteListCommand.php:255)
[stacktrace]
#0 D:/PA2-09_Aplikasi_Bank_Sampah_Tarhilala/transaksi_tarhilala/vendor/laravel/framework/src/Illuminate/Foundation/Console/RouteListCommand.php(255): ReflectionClass->__construct('App//Http//Contro...')
#1 D:/PA2-09_Aplikasi_Bank_Sampah_Tarhilala/transaksi_tarhilala/vendor/laravel/framework/src/Illuminate/Foundation/Console/RouteListCommand.php(150): Illuminate/Foundation/Console/RouteListCommand->isVendorRoute(Object(Illuminate/Routing/Route))
#2 D:/PA2-09_Aplikasi_Bank_Sampah_Tarhilala/transaksi_tarhilala/vendor/laravel/framework/src/Illuminate/Foundation/Console/RouteListCommand.php(117): Illuminate/Foundation/Console/RouteListCommand->getRouteInformation(Object(Illuminate/Routing/Route))
#3 [internal function]: Illuminate/Foundation/Console/RouteListCommand->Illuminate/Foundation/Console/{closure}(Object(Illuminate/Routing/Route), 1)
#4 D:/PA2-09_Aplikasi_Bank_Sampah_Tarhilala/transaksi_tarhilala/vendor/laravel/framework/src/Illuminate/Collections/Arr.php(841): array_map(Object(Closure), Array, Array)
#5 D:/PA2-09_Aplikasi_Bank_Sampah_Tarhilala/transaksi_tarhilala/vendor/laravel/framework/src/Illuminate/Collections/Collection.php(829): Illuminate/Support/Arr::map(Array, Object(Closure))
#6 D:/PA2-09_Aplikasi_Bank_Sampah_Tarhilala/transaksi_tarhilala/vendor/laravel/framework/src/Illuminate/Foundation/Console/RouteListCommand.php(117): Illuminate/Support/Collection->map(Object(Closure))
#7 D:/PA2-09_Aplikasi_Bank_Sampah_Tarhilala/transaksi_tarhilala/vendor/laravel/framework/src/Illuminate/Foundation/Console/RouteListCommand.php(102): Illuminate/Foundation/Console/RouteListCommand->getRoutes()
#8 D:/PA2-09_Aplikasi_Bank_Sampah_Tarhilala/transaksi_tarhilala/vendor/laravel/framework/src/Illuminate/Container/BoundMethod.php(36): Illuminate/Foundation/Console/RouteListCommand->handle()
#9 D:/PA2-09_Aplikasi_Bank_Sampah_Tarhilala/transaksi_tarhilala/vendor/laravel/framework/src/Illuminate/Container/Util.php(43): Illuminate/Container/BoundMethod::Illuminate/Container/{closure}()
#10 D:/PA2-09_Aplikasi_Bank_Sampah_Tarhilala/transaksi_tarhilala/vendor/laravel/framework/src/Illuminate/Container/BoundMethod.php(96): Illuminate/Container/Util::unwrapIfClosure(Object(Closure))
#11 D:/PA2-09_Aplikasi_Bank_Sampah_Tarhilala/transaksi_tarhilala/vendor/laravel/framework/src/Illuminate/Container/BoundMethod.php(35): Illuminate/Container/BoundMethod::callBoundMethod(Object(Illuminate/Foundation/Application), Array, Object(Closure))
#12 D:/PA2-09_Aplikasi_Bank_Sampah_Tarhilala/transaksi_tarhilala/vendor/laravel/framework/src/Illuminate/Container/Container.php(799): Illuminate/Container/BoundMethod::call(Object(Illuminate/Foundation/Application), Array, Array, NULL)
#13 D:/PA2-09_Aplikasi_Bank_Sampah_Tarhilala/transaksi_tarhilala/vendor/laravel/framework/src/Illuminate/Console/Command.php(211): Illuminate/Container/Container->call(Array)
#14 D:/PA2-09_Aplikasi_Bank_Sampah_Tarhilala/transaksi_tarhilala/vendor/symfony/console/Command/Command.php(341): Illuminate/Console/Command->execute(Object(Symfony/Component/Console/Input/ArgvInput), Object(Illuminate/Console/OutputStyle))
#15 D:/PA2-09_Aplikasi_Bank_Sampah_Tarhilala/transaksi_tarhilala/vendor/laravel/framework/src/Illuminate/Console/Command.php(180): Symfony/Component/Console/Command/Command->run(Object(Symfony/Component/Console/Input/ArgvInput), Object(Illuminate/Console/OutputStyle))
#16 D:/PA2-09_Aplikasi_Bank_Sampah_Tarhilala/transaksi_tarhilala/vendor/symfony/console/Application.php(1117): Illuminate/Console/Command->run(Object(Symfony/Component/Console/Input/ArgvInput), Object(Symfony/Component/Console/Output/ConsoleOutput))
#17 D:/PA2-09_Aplikasi_Bank_Sampah_Tarhilala/transaksi_tarhilala/vendor/symfony/console/Application.php(356): Symfony/Component/Console/Application->doRunCommand(Object(Illuminate/Foundation/Console/RouteListCommand), Object(Symfony/Component/Console/Input/ArgvInput), Object(Symfony/Component/Console/Output/ConsoleOutput))
#18 D:/PA2-09_Aplikasi_Bank_Sampah_Tarhilala/transaksi_tarhilala/vendor/symfony/console/Application.php(195): Symfony/Component/Console/Application->doRun(Object(Symfony/Component/Console/Input/ArgvInput), Object(Symfony/Component/Console/Output/ConsoleOutput))
#19 D:/PA2-09_Aplikasi_Bank_Sampah_Tarhilala/transaksi_tarhilala/vendor/laravel/framework/src/Illuminate/Foundation/Console/Kernel.php(198): Symfony/Component/Console/Application->run(Object(Symfony/Component/Console/Input/ArgvInput), Object(Symfony/Component/Console/Output/ConsoleOutput))
#20 D:/PA2-09_Aplikasi_Bank_Sampah_Tarhilala/transaksi_tarhilala/vendor/laravel/framework/src/Illuminate/Foundation/Application.php(1235): Illuminate/Foundation/Console/Kernel->handle(Object(Symfony/Component/Console/Input/ArgvInput), Object(Symfony/Component/Console/Output/ConsoleOutput))
#21 D:/PA2-09_Aplikasi_Bank_Sampah_Tarhilala/transaksi_tarhilala/artisan(16): Illuminate/Foundation/Application->handleCommand(Object(Symfony/Component/Console/Input/ArgvInput))
#22 {main}
"} 
[2026-04-24 03:42:10] local.ERROR: Class "App\Http\Controllers\Api\Admin\AdminWithdrawalController" does not exist {"exception":"[object] (ReflectionException(code: -1): Class \"App\\Http\\Controllers\\Api\\Admin\\AdminWithdrawalController\" does not exist at D:/PA2-09_Aplikasi_Bank_Sampah_Tarhilala/transaksi_tarhilala/vendor/laravel/framework/src/Illuminate/Foundation/Console/RouteListCommand.php:255)
[stacktrace]
#0 D:/PA2-09_Aplikasi_Bank_Sampah_Tarhilala/transaksi_tarhilala/vendor/laravel/framework/src/Illuminate/Foundation/Console/RouteListCommand.php(255): ReflectionClass->__construct('App//Http//Contro...')
#1 D:/PA2-09_Aplikasi_Bank_Sampah_Tarhilala/transaksi_tarhilala/vendor/laravel/framework/src/Illuminate/Foundation/Console/RouteListCommand.php(150): Illuminate/Foundation/Console/RouteListCommand->isVendorRoute(Object(Illuminate/Routing/Route))
#2 D:/PA2-09_Aplikasi_Bank_Sampah_Tarhilala/transaksi_tarhilala/vendor/laravel/framework/src/Illuminate/Foundation/Console/RouteListCommand.php(117): Illuminate/Foundation/Console/RouteListCommand->getRouteInformation(Object(Illuminate/Routing/Route))
#3 [internal function]: Illuminate/Foundation/Console/RouteListCommand->Illuminate/Foundation/Console/{closure}(Object(Illuminate/Routing/Route), 1)
#4 D:/PA2-09_Aplikasi_Bank_Sampah_Tarhilala/transaksi_tarhilala/vendor/laravel/framework/src/Illuminate/Collections/Arr.php(841): array_map(Object(Closure), Array, Array)
#5 D:/PA2-09_Aplikasi_Bank_Sampah_Tarhilala/transaksi_tarhilala/vendor/laravel/framework/src/Illuminate/Collections/Collection.php(829): Illuminate/Support/Arr::map(Array, Object(Closure))
#6 D:/PA2-09_Aplikasi_Bank_Sampah_Tarhilala/transaksi_tarhilala/vendor/laravel/framework/src/Illuminate/Foundation/Console/RouteListCommand.php(117): Illuminate/Support/Collection->map(Object(Closure))
#7 D:/PA2-09_Aplikasi_Bank_Sampah_Tarhilala/transaksi_tarhilala/vendor/laravel/framework/src/Illuminate/Foundation/Console/RouteListCommand.php(102): Illuminate/Foundation/Console/RouteListCommand->getRoutes()
#8 D:/PA2-09_Aplikasi_Bank_Sampah_Tarhilala/transaksi_tarhilala/vendor/laravel/framework/src/Illuminate/Container/BoundMethod.php(36): Illuminate/Foundation/Console/RouteListCommand->handle()
#9 D:/PA2-09_Aplikasi_Bank_Sampah_Tarhilala/transaksi_tarhilala/vendor/laravel/framework/src/Illuminate/Container/Util.php(43): Illuminate/Container/BoundMethod::Illuminate/Container/{closure}()
#10 D:/PA2-09_Aplikasi_Bank_Sampah_Tarhilala/transaksi_tarhilala/vendor/laravel/framework/src/Illuminate/Container/BoundMethod.php(96): Illuminate/Container/Util::unwrapIfClosure(Object(Closure))
#11 D:/PA2-09_Aplikasi_Bank_Sampah_Tarhilala/transaksi_tarhilala/vendor/laravel/framework/src/Illuminate/Container/BoundMethod.php(35): Illuminate/Container/BoundMethod::callBoundMethod(Object(Illuminate/Foundation/Application), Array, Object(Closure))
#12 D:/PA2-09_Aplikasi_Bank_Sampah_Tarhilala/transaksi_tarhilala/vendor/laravel/framework/src/Illuminate/Container/Container.php(799): Illuminate/Container/BoundMethod::call(Object(Illuminate/Foundation/Application), Array, Array, NULL)
#13 D:/PA2-09_Aplikasi_Bank_Sampah_Tarhilala/transaksi_tarhilala/vendor/laravel/framework/src/Illuminate/Console/Command.php(211): Illuminate/Container/Container->call(Array)
#14 D:/PA2-09_Aplikasi_Bank_Sampah_Tarhilala/transaksi_tarhilala/vendor/symfony/console/Command/Command.php(341): Illuminate/Console/Command->execute(Object(Symfony/Component/Console/Input/ArgvInput), Object(Illuminate/Console/OutputStyle))
#15 D:/PA2-09_Aplikasi_Bank_Sampah_Tarhilala/transaksi_tarhilala/vendor/laravel/framework/src/Illuminate/Console/Command.php(180): Symfony/Component/Console/Command/Command->run(Object(Symfony/Component/Console/Input/ArgvInput), Object(Illuminate/Console/OutputStyle))
#16 D:/PA2-09_Aplikasi_Bank_Sampah_Tarhilala/transaksi_tarhilala/vendor/symfony/console/Application.php(1117): Illuminate/Console/Command->run(Object(Symfony/Component/Console/Input/ArgvInput), Object(Symfony/Component/Console/Output/ConsoleOutput))
#17 D:/PA2-09_Aplikasi_Bank_Sampah_Tarhilala/transaksi_tarhilala/vendor/symfony/console/Application.php(356): Symfony/Component/Console/Application->doRunCommand(Object(Illuminate/Foundation/Console/RouteListCommand), Object(Symfony/Component/Console/Input/ArgvInput), Object(Symfony/Component/Console/Output/ConsoleOutput))
#18 D:/PA2-09_Aplikasi_Bank_Sampah_Tarhilala/transaksi_tarhilala/vendor/symfony/console/Application.php(195): Symfony/Component/Console/Application->doRun(Object(Symfony/Component/Console/Input/ArgvInput), Object(Symfony/Component/Console/Output/ConsoleOutput))
#19 D:/PA2-09_Aplikasi_Bank_Sampah_Tarhilala/transaksi_tarhilala/vendor/laravel/framework/src/Illuminate/Foundation/Console/Kernel.php(198): Symfony/Component/Console/Application->run(Object(Symfony/Component/Console/Input/ArgvInput), Object(Symfony/Component/Console/Output/ConsoleOutput))
#20 D:/PA2-09_Aplikasi_Bank_Sampah_Tarhilala/transaksi_tarhilala/vendor/laravel/framework/src/Illuminate/Foundation/Application.php(1235): Illuminate/Foundation/Console/Kernel->handle(Object(Symfony/Component/Console/Input/ArgvInput), Object(Symfony/Component/Console/Output/ConsoleOutput))
#21 D:/PA2-09_Aplikasi_Bank_Sampah_Tarhilala/transaksi_tarhilala/artisan(16): Illuminate/Foundation/Application->handleCommand(Object(Symfony/Component/Console/Input/ArgvInput))
#22 {main}
"} 
[2026-04-24 03:44:43] local.ERROR: include(D:\PA2-09_Aplikasi_Bank_Sampah_Tarhilala\transaksi_tarhilala\vendor\composer/../../app/Http/Controllers/Api/InternalFinanceController.php): Failed to open stream: No such file or directory {"exception":"[object] (ErrorException(code: 0): include(D:\\PA2-09_Aplikasi_Bank_Sampah_Tarhilala\\transaksi_tarhilala\\vendor\\composer/../../app/Http/Controllers/Api/InternalFinanceController.php): Failed to open stream: No such file or directory at D:/PA2-09_Aplikasi_Bank_Sampah_Tarhilala/transaksi_tarhilala/vendor/composer/ClassLoader.php:576)
[stacktrace]
#0 D:/PA2-09_Aplikasi_Bank_Sampah_Tarhilala/transaksi_tarhilala/vendor/laravel/framework/src/Illuminate/Foundation/Bootstrap/HandleExceptions.php(258): Illuminate/Foundation/Bootstrap/HandleExceptions->handleError(2, 'include(D://PA2-...', 'D://PA2-09_Aplik...', 576)
#1 D:/PA2-09_Aplikasi_Bank_Sampah_Tarhilala/transaksi_tarhilala/vendor/composer/ClassLoader.php(576): Illuminate/Foundation/Bootstrap/HandleExceptions->Illuminate/Foundation/Bootstrap/{closure}(2, 'include(D://PA2-...', 'D://PA2-09_Aplik...', 576)
#2 D:/PA2-09_Aplikasi_Bank_Sampah_Tarhilala/transaksi_tarhilala/vendor/composer/ClassLoader.php(576): include('D://PA2-09_Aplik...')
#3 D:/PA2-09_Aplikasi_Bank_Sampah_Tarhilala/transaksi_tarhilala/vendor/composer/ClassLoader.php(427): Composer/Autoload/{closure}('D://PA2-09_Aplik...')
#4 [internal function]: Composer/Autoload/ClassLoader->loadClass('App//Http//Contro...')
#5 D:/PA2-09_Aplikasi_Bank_Sampah_Tarhilala/transaksi_tarhilala/vendor/laravel/framework/src/Illuminate/Routing/Route.php(1125): is_a('App//Http//Contro...', 'Illuminate//Rout...', true)
#6 D:/PA2-09_Aplikasi_Bank_Sampah_Tarhilala/transaksi_tarhilala/vendor/laravel/framework/src/Illuminate/Routing/Route.php(1062): Illuminate/Routing/Route->controllerMiddleware()
#7 D:/PA2-09_Aplikasi_Bank_Sampah_Tarhilala/transaksi_tarhilala/vendor/laravel/framework/src/Illuminate/Routing/Router.php(834): Illuminate/Routing/Route->gatherMiddleware()
#8 D:/PA2-09_Aplikasi_Bank_Sampah_Tarhilala/transaksi_tarhilala/vendor/laravel/framework/src/Illuminate/Foundation/Console/RouteListCommand.php(212): Illuminate/Routing/Router->gatherRouteMiddleware(Object(Illuminate/Routing/Route))
#9 D:/PA2-09_Aplikasi_Bank_Sampah_Tarhilala/transaksi_tarhilala/vendor/laravel/framework/src/Illuminate/Foundation/Console/RouteListCommand.php(148): Illuminate/Foundation/Console/RouteListCommand->getMiddleware(Object(Illuminate/Routing/Route))
#10 D:/PA2-09_Aplikasi_Bank_Sampah_Tarhilala/transaksi_tarhilala/vendor/laravel/framework/src/Illuminate/Foundation/Console/RouteListCommand.php(117): Illuminate/Foundation/Console/RouteListCommand->getRouteInformation(Object(Illuminate/Routing/Route))
#11 [internal function]: Illuminate/Foundation/Console/RouteListCommand->Illuminate/Foundation/Console/{closure}(Object(Illuminate/Routing/Route), 3)
#12 D:/PA2-09_Aplikasi_Bank_Sampah_Tarhilala/transaksi_tarhilala/vendor/laravel/framework/src/Illuminate/Collections/Arr.php(841): array_map(Object(Closure), Array, Array)
#13 D:/PA2-09_Aplikasi_Bank_Sampah_Tarhilala/transaksi_tarhilala/vendor/laravel/framework/src/Illuminate/Collections/Collection.php(829): Illuminate/Support/Arr::map(Array, Object(Closure))
#14 D:/PA2-09_Aplikasi_Bank_Sampah_Tarhilala/transaksi_tarhilala/vendor/laravel/framework/src/Illuminate/Foundation/Console/RouteListCommand.php(117): Illuminate/Support/Collection->map(Object(Closure))
#15 D:/PA2-09_Aplikasi_Bank_Sampah_Tarhilala/transaksi_tarhilala/vendor/laravel/framework/src/Illuminate/Foundation/Console/RouteListCommand.php(102): Illuminate/Foundation/Console/RouteListCommand->getRoutes()
#16 D:/PA2-09_Aplikasi_Bank_Sampah_Tarhilala/transaksi_tarhilala/vendor/laravel/framework/src/Illuminate/Container/BoundMethod.php(36): Illuminate/Foundation/Console/RouteListCommand->handle()
#17 D:/PA2-09_Aplikasi_Bank_Sampah_Tarhilala/transaksi_tarhilala/vendor/laravel/framework/src/Illuminate/Container/Util.php(43): Illuminate/Container/BoundMethod::Illuminate/Container/{closure}()
#18 D:/PA2-09_Aplikasi_Bank_Sampah_Tarhilala/transaksi_tarhilala/vendor/laravel/framework/src/Illuminate/Container/BoundMethod.php(96): Illuminate/Container/Util::unwrapIfClosure(Object(Closure))
#19 D:/PA2-09_Aplikasi_Bank_Sampah_Tarhilala/transaksi_tarhilala/vendor/laravel/framework/src/Illuminate/Container/BoundMethod.php(35): Illuminate/Container/BoundMethod::callBoundMethod(Object(Illuminate/Foundation/Application), Array, Object(Closure))
#20 D:/PA2-09_Aplikasi_Bank_Sampah_Tarhilala/transaksi_tarhilala/vendor/laravel/framework/src/Illuminate/Container/Container.php(799): Illuminate/Container/BoundMethod::call(Object(Illuminate/Foundation/Application), Array, Array, NULL)
#21 D:/PA2-09_Aplikasi_Bank_Sampah_Tarhilala/transaksi_tarhilala/vendor/laravel/framework/src/Illuminate/Console/Command.php(211): Illuminate/Container/Container->call(Array)
#22 D:/PA2-09_Aplikasi_Bank_Sampah_Tarhilala/transaksi_tarhilala/vendor/symfony/console/Command/Command.php(341): Illuminate/Console/Command->execute(Object(Symfony/Component/Console/Input/ArgvInput), Object(Illuminate/Console/OutputStyle))
#23 D:/PA2-09_Aplikasi_Bank_Sampah_Tarhilala/transaksi_tarhilala/vendor/laravel/framework/src/Illuminate/Console/Command.php(180): Symfony/Component/Console/Command/Command->run(Object(Symfony/Component/Console/Input/ArgvInput), Object(Illuminate/Console/OutputStyle))
#24 D:/PA2-09_Aplikasi_Bank_Sampah_Tarhilala/transaksi_tarhilala/vendor/symfony/console/Application.php(1117): Illuminate/Console/Command->run(Object(Symfony/Component/Console/Input/ArgvInput), Object(Symfony/Component/Console/Output/ConsoleOutput))
#25 D:/PA2-09_Aplikasi_Bank_Sampah_Tarhilala/transaksi_tarhilala/vendor/symfony/console/Application.php(356): Symfony/Component/Console/Application->doRunCommand(Object(Illuminate/Foundation/Console/RouteListCommand), Object(Symfony/Component/Console/Input/ArgvInput), Object(Symfony/Component/Console/Output/ConsoleOutput))
#26 D:/PA2-09_Aplikasi_Bank_Sampah_Tarhilala/transaksi_tarhilala/vendor/symfony/console/Application.php(195): Symfony/Component/Console/Application->doRun(Object(Symfony/Component/Console/Input/ArgvInput), Object(Symfony/Component/Console/Output/ConsoleOutput))
#27 D:/PA2-09_Aplikasi_Bank_Sampah_Tarhilala/transaksi_tarhilala/vendor/laravel/framework/src/Illuminate/Foundation/Console/Kernel.php(198): Symfony/Component/Console/Application->run(Object(Symfony/Component/Console/Input/ArgvInput), Object(Symfony/Component/Console/Output/ConsoleOutput))
#28 D:/PA2-09_Aplikasi_Bank_Sampah_Tarhilala/transaksi_tarhilala/vendor/laravel/framework/src/Illuminate/Foundation/Application.php(1235): Illuminate/Foundation/Console/Kernel->handle(Object(Symfony/Component/Console/Input/ArgvInput), Object(Symfony/Component/Console/Output/ConsoleOutput))
#29 D:/PA2-09_Aplikasi_Bank_Sampah_Tarhilala/transaksi_tarhilala/artisan(16): Illuminate/Foundation/Application->handleCommand(Object(Symfony/Component/Console/Input/ArgvInput))
#30 {main}
"} 
[2026-04-24 03:45:41] local.ERROR: Class "App\Http\Controllers\Api\InternalFinanceController" does not exist {"exception":"[object] (ReflectionException(code: -1): Class \"App\\Http\\Controllers\\Api\\InternalFinanceController\" does not exist at D:/PA2-09_Aplikasi_Bank_Sampah_Tarhilala/transaksi_tarhilala/vendor/laravel/framework/src/Illuminate/Foundation/Console/RouteListCommand.php:255)
[stacktrace]
#0 D:/PA2-09_Aplikasi_Bank_Sampah_Tarhilala/transaksi_tarhilala/vendor/laravel/framework/src/Illuminate/Foundation/Console/RouteListCommand.php(255): ReflectionClass->__construct('App//Http//Contro...')
#1 D:/PA2-09_Aplikasi_Bank_Sampah_Tarhilala/transaksi_tarhilala/vendor/laravel/framework/src/Illuminate/Foundation/Console/RouteListCommand.php(150): Illuminate/Foundation/Console/RouteListCommand->isVendorRoute(Object(Illuminate/Routing/Route))
#2 D:/PA2-09_Aplikasi_Bank_Sampah_Tarhilala/transaksi_tarhilala/vendor/laravel/framework/src/Illuminate/Foundation/Console/RouteListCommand.php(117): Illuminate/Foundation/Console/RouteListCommand->getRouteInformation(Object(Illuminate/Routing/Route))
#3 [internal function]: Illuminate/Foundation/Console/RouteListCommand->Illuminate/Foundation/Console/{closure}(Object(Illuminate/Routing/Route), 3)
#4 D:/PA2-09_Aplikasi_Bank_Sampah_Tarhilala/transaksi_tarhilala/vendor/laravel/framework/src/Illuminate/Collections/Arr.php(841): array_map(Object(Closure), Array, Array)
#5 D:/PA2-09_Aplikasi_Bank_Sampah_Tarhilala/transaksi_tarhilala/vendor/laravel/framework/src/Illuminate/Collections/Collection.php(829): Illuminate/Support/Arr::map(Array, Object(Closure))
#6 D:/PA2-09_Aplikasi_Bank_Sampah_Tarhilala/transaksi_tarhilala/vendor/laravel/framework/src/Illuminate/Foundation/Console/RouteListCommand.php(117): Illuminate/Support/Collection->map(Object(Closure))
#7 D:/PA2-09_Aplikasi_Bank_Sampah_Tarhilala/transaksi_tarhilala/vendor/laravel/framework/src/Illuminate/Foundation/Console/RouteListCommand.php(102): Illuminate/Foundation/Console/RouteListCommand->getRoutes()
#8 D:/PA2-09_Aplikasi_Bank_Sampah_Tarhilala/transaksi_tarhilala/vendor/laravel/framework/src/Illuminate/Container/BoundMethod.php(36): Illuminate/Foundation/Console/RouteListCommand->handle()
#9 D:/PA2-09_Aplikasi_Bank_Sampah_Tarhilala/transaksi_tarhilala/vendor/laravel/framework/src/Illuminate/Container/Util.php(43): Illuminate/Container/BoundMethod::Illuminate/Container/{closure}()
#10 D:/PA2-09_Aplikasi_Bank_Sampah_Tarhilala/transaksi_tarhilala/vendor/laravel/framework/src/Illuminate/Container/BoundMethod.php(96): Illuminate/Container/Util::unwrapIfClosure(Object(Closure))
#11 D:/PA2-09_Aplikasi_Bank_Sampah_Tarhilala/transaksi_tarhilala/vendor/laravel/framework/src/Illuminate/Container/BoundMethod.php(35): Illuminate/Container/BoundMethod::callBoundMethod(Object(Illuminate/Foundation/Application), Array, Object(Closure))
#12 D:/PA2-09_Aplikasi_Bank_Sampah_Tarhilala/transaksi_tarhilala/vendor/laravel/framework/src/Illuminate/Container/Container.php(799): Illuminate/Container/BoundMethod::call(Object(Illuminate/Foundation/Application), Array, Array, NULL)
#13 D:/PA2-09_Aplikasi_Bank_Sampah_Tarhilala/transaksi_tarhilala/vendor/laravel/framework/src/Illuminate/Console/Command.php(211): Illuminate/Container/Container->call(Array)
#14 D:/PA2-09_Aplikasi_Bank_Sampah_Tarhilala/transaksi_tarhilala/vendor/symfony/console/Command/Command.php(341): Illuminate/Console/Command->execute(Object(Symfony/Component/Console/Input/ArgvInput), Object(Illuminate/Console/OutputStyle))
#15 D:/PA2-09_Aplikasi_Bank_Sampah_Tarhilala/transaksi_tarhilala/vendor/laravel/framework/src/Illuminate/Console/Command.php(180): Symfony/Component/Console/Command/Command->run(Object(Symfony/Component/Console/Input/ArgvInput), Object(Illuminate/Console/OutputStyle))
#16 D:/PA2-09_Aplikasi_Bank_Sampah_Tarhilala/transaksi_tarhilala/vendor/symfony/console/Application.php(1117): Illuminate/Console/Command->run(Object(Symfony/Component/Console/Input/ArgvInput), Object(Symfony/Component/Console/Output/ConsoleOutput))
#17 D:/PA2-09_Aplikasi_Bank_Sampah_Tarhilala/transaksi_tarhilala/vendor/symfony/console/Application.php(356): Symfony/Component/Console/Application->doRunCommand(Object(Illuminate/Foundation/Console/RouteListCommand), Object(Symfony/Component/Console/Input/ArgvInput), Object(Symfony/Component/Console/Output/ConsoleOutput))
#18 D:/PA2-09_Aplikasi_Bank_Sampah_Tarhilala/transaksi_tarhilala/vendor/symfony/console/Application.php(195): Symfony/Component/Console/Application->doRun(Object(Symfony/Component/Console/Input/ArgvInput), Object(Symfony/Component/Console/Output/ConsoleOutput))
#19 D:/PA2-09_Aplikasi_Bank_Sampah_Tarhilala/transaksi_tarhilala/vendor/laravel/framework/src/Illuminate/Foundation/Console/Kernel.php(198): Symfony/Component/Console/Application->run(Object(Symfony/Component/Console/Input/ArgvInput), Object(Symfony/Component/Console/Output/ConsoleOutput))
#20 D:/PA2-09_Aplikasi_Bank_Sampah_Tarhilala/transaksi_tarhilala/vendor/laravel/framework/src/Illuminate/Foundation/Application.php(1235): Illuminate/Foundation/Console/Kernel->handle(Object(Symfony/Component/Console/Input/ArgvInput), Object(Symfony/Component/Console/Output/ConsoleOutput))
#21 D:/PA2-09_Aplikasi_Bank_Sampah_Tarhilala/transaksi_tarhilala/artisan(16): Illuminate/Foundation/Application->handleCommand(Object(Symfony/Component/Console/Input/ArgvInput))
#22 {main}
"} 
